[debug] [2026-06-10T14:27:29.624Z] ----------------------------------------------------------------------
[debug] [2026-06-10T14:27:29.629Z] Command:       C:\Program Files\nodejs\node.exe C:\Users\MUSTAFAALGUN\AppData\Roaming\npm\node_modules\firebase-tools\lib\bin\firebase.js init functions
[debug] [2026-06-10T14:27:29.629Z] CLI Version:   15.19.1
[debug] [2026-06-10T14:27:29.629Z] Platform:      win32
[debug] [2026-06-10T14:27:29.629Z] Node Version:  v22.19.0
[debug] [2026-06-10T14:27:29.630Z] Time:          Wed Jun 10 2026 17:27:29 GMT+0300 (GMT+03:00)
[debug] [2026-06-10T14:27:29.630Z] ----------------------------------------------------------------------
[debug] 
[info] 
     ######## #### ########  ######## ########     ###     ######  ########
     ##        ##  ##     ## ##       ##     ##  ##   ##  ##       ##
     ######    ##  ########  ######   ########  #########  ######  ######
     ##        ##  ##    ##  ##       ##     ## ##     ##       ## ##
     ##       #### ##     ## ######## ########  ##     ##  ######  ########

You're about to initialize a Firebase project in this directory:

  C:\Users\MUSTAFAALGUN\Desktop\Mustafa Dev\tenis-rezervasyon

Before we get started, keep in mind:

  * You are initializing within an existing Firebase project directory

[info] 
=== Project Setup
[info] 
[info] First, let's associate this project directory with a Firebase project.
[info] You can create multiple project aliases by running firebase use --add, 
[info] 
[debug] [2026-06-10T14:27:41.020Z] > command requires scopes: ["email","openid","https://www.googleapis.com/auth/cloudplatformprojects.readonly","https://www.googleapis.com/auth/firebase","https://www.googleapis.com/auth/cloud-platform"]
[debug] [2026-06-10T14:27:41.020Z] > authorizing via signed-in user (musti.sonofgaia@gmail.com)
[debug] [2026-06-10T14:27:41.021Z] Checked if tokens are valid: false, expires at: 1781097958791
[debug] [2026-06-10T14:27:41.022Z] Checked if tokens are valid: false, expires at: 1781097958791
[debug] [2026-06-10T14:27:41.022Z] > refreshing access token with scopes: []
[debug] [2026-06-10T14:27:41.024Z] >>> [apiv2][query] POST https://www.googleapis.com/oauth2/v3/token [none]
[debug] [2026-06-10T14:27:41.024Z] >>> [apiv2][body] POST https://www.googleapis.com/oauth2/v3/token [omitted]
[debug] [2026-06-10T14:27:41.394Z] <<< [apiv2][status] POST https://www.googleapis.com/oauth2/v3/token 200
[debug] [2026-06-10T14:27:41.394Z] <<< [apiv2][body] POST https://www.googleapis.com/oauth2/v3/token [omitted]
[debug] [2026-06-10T14:27:41.410Z] >>> [apiv2][query] GET https://firebase.googleapis.com/v1beta1/projects/tenis-rezervasyon-81a28 [none]
[debug] [2026-06-10T14:27:41.949Z] <<< [apiv2][status] GET https://firebase.googleapis.com/v1beta1/projects/tenis-rezervasyon-81a28 200
[debug] [2026-06-10T14:27:41.949Z] <<< [apiv2][body] GET https://firebase.googleapis.com/v1beta1/projects/tenis-rezervasyon-81a28 {"projectId":"tenis-rezervasyon-81a28","projectNumber":"208140638479","displayName":"tenis-rezervasyon","name":"projects/tenis-rezervasyon-81a28","resources":{"hostingSite":"tenis-rezervasyon-81a28"},"state":"ACTIVE","etag":"1_d5e9c32f-62fe-49f7-8a52-d8e46b34ac23"}
[info] i  Using project tenis-rezervasyon-81a28 (tenis-rezervasyon) . 
[info] 
=== Functions Setup
[debug] [2026-06-10T14:27:41.962Z] > command requires scopes: ["email","openid","https://www.googleapis.com/auth/cloudplatformprojects.readonly","https://www.googleapis.com/auth/firebase","https://www.googleapis.com/auth/cloud-platform"]
[debug] [2026-06-10T14:27:41.963Z] > authorizing via signed-in user (musti.sonofgaia@gmail.com)
[debug] [2026-06-10T14:27:41.963Z] [iam] checking project tenis-rezervasyon-81a28 for permissions ["firebase.projects.get"]
[debug] [2026-06-10T14:27:41.963Z] Checked if tokens are valid: true, expires at: 1781105260394
[debug] [2026-06-10T14:27:41.963Z] Checked if tokens are valid: true, expires at: 1781105260394
[debug] [2026-06-10T14:27:41.963Z] >>> [apiv2][query] POST https://cloudresourcemanager.googleapis.com/v1/projects/tenis-rezervasyon-81a28:testIamPermissions [none]
[debug] [2026-06-10T14:27:41.963Z] >>> [apiv2][(partial)header] POST https://cloudresourcemanager.googleapis.com/v1/projects/tenis-rezervasyon-81a28:testIamPermissions  x-goog-user-project=tenis-rezervasyon-81a28
[debug] [2026-06-10T14:27:41.963Z] >>> [apiv2][body] POST https://cloudresourcemanager.googleapis.com/v1/projects/tenis-rezervasyon-81a28:testIamPermissions {"permissions":["firebase.projects.get"]}
[debug] [2026-06-10T14:27:43.032Z] <<< [apiv2][status] POST https://cloudresourcemanager.googleapis.com/v1/projects/tenis-rezervasyon-81a28:testIamPermissions 200
[debug] [2026-06-10T14:27:43.032Z] <<< [apiv2][body] POST https://cloudresourcemanager.googleapis.com/v1/projects/tenis-rezervasyon-81a28:testIamPermissions {"permissions":["firebase.projects.get"]}
[info] 
Detected existing codebase(s): default

[debug] [2026-06-10T14:27:48.611Z] ExitPromptError: User force closed the prompt with SIGINT
    at Interface.sigint (C:\Users\MUSTAFAALGUN\AppData\Roaming\npm\node_modules\firebase-tools\node_modules\@inquirer\core\dist\commonjs\lib\create-prompt.js:101:37)
    at Interface.emit (node:events:519:28)
    at [_ttyWrite] [as _ttyWrite] (node:internal/readline/interface:1132:18)
    at ReadStream.onkeypress (node:internal/readline/interface:271:20)
    at ReadStream.emit (node:events:531:35)
    at emitKeys (node:internal/readline/utils:370:14)
    at emitKeys.next (<anonymous>)
    at ReadStream.onData (node:internal/readline/emitKeypressEvents:64:36)
    at ReadStream.emit (node:events:519:28)
    at addChunk (node:internal/streams/readable:561:12)
[error] 
[error] Error: An unexpected error has occurred.
